0 info it worked if it ends with ok
1 verbose cli [ 'node',
1 verbose cli   '/usr/local/bin/npm',
1 verbose cli   'install',
1 verbose cli   'grunt-contrib-imagemin',
1 verbose cli   '--save-dev' ]
2 info using npm@1.4.14
3 info using node@v0.10.29
4 warn package.json pb-scaffold@0.0.0 No repository field.
5 verbose readDependencies using package.json deps
6 verbose cache add [ 'grunt-contrib-imagemin', null ]
7 verbose cache add name=undefined spec="grunt-contrib-imagemin" args=["grunt-contrib-imagemin",null]
8 verbose parsed url { protocol: null,
8 verbose parsed url   slashes: null,
8 verbose parsed url   auth: null,
8 verbose parsed url   host: null,
8 verbose parsed url   port: null,
8 verbose parsed url   hostname: null,
8 verbose parsed url   hash: null,
8 verbose parsed url   search: null,
8 verbose parsed url   query: null,
8 verbose parsed url   pathname: 'grunt-contrib-imagemin',
8 verbose parsed url   path: 'grunt-contrib-imagemin',
8 verbose parsed url   href: 'grunt-contrib-imagemin' }
9 silly lockFile d53d0dd9-grunt-contrib-imagemin grunt-contrib-imagemin
10 verbose lock grunt-contrib-imagemin /Users/testdev1/.npm/d53d0dd9-grunt-contrib-imagemin.lock
11 silly lockFile d53d0dd9-grunt-contrib-imagemin grunt-contrib-imagemin
12 silly lockFile d53d0dd9-grunt-contrib-imagemin grunt-contrib-imagemin
13 verbose addNamed [ 'grunt-contrib-imagemin', '' ]
14 verbose addNamed [ null, '*' ]
15 silly lockFile 400cb004-grunt-contrib-imagemin grunt-contrib-imagemin@
16 verbose lock grunt-contrib-imagemin@ /Users/testdev1/.npm/400cb004-grunt-contrib-imagemin.lock
17 silly addNameRange { name: 'grunt-contrib-imagemin', range: '*', hasData: false }
18 verbose url raw grunt-contrib-imagemin
19 verbose url resolving [ 'https://registry.npmjs.org/', './grunt-contrib-imagemin' ]
20 verbose url resolved https://registry.npmjs.org/grunt-contrib-imagemin
21 info trying registry request attempt 1 at 11:49:31
22 verbose etag "C15FRLJLJOVNIB6D08ETTC06P"
23 http GET https://registry.npmjs.org/grunt-contrib-imagemin
24 http 200 https://registry.npmjs.org/grunt-contrib-imagemin
25 silly registry.get cb [ 200,
25 silly registry.get   { date: 'Mon, 18 Aug 2014 15:49:01 GMT',
25 silly registry.get     server: 'CouchDB/1.5.0 (Erlang OTP/R16B03)',
25 silly registry.get     etag: '"2OTHKWP6Q1MANDP7DGL0WM45N"',
25 silly registry.get     'content-type': 'application/json',
25 silly registry.get     'cache-control': 'max-age=60',
25 silly registry.get     'content-length': '41191',
25 silly registry.get     'accept-ranges': 'bytes',
25 silly registry.get     via: '1.1 varnish',
25 silly registry.get     age: '748',
25 silly registry.get     'x-served-by': 'cache-dfw1835-DFW',
25 silly registry.get     'x-cache': 'HIT',
25 silly registry.get     'x-cache-hits': '1',
25 silly registry.get     'x-timer': 'S1408376940.810318,VS0,VE300',
25 silly registry.get     vary: 'Accept',
25 silly registry.get     'keep-alive': 'timeout=10, max=50',
25 silly registry.get     connection: 'Keep-Alive' } ]
26 silly addNameRange number 2 { name: 'grunt-contrib-imagemin', range: '*', hasData: true }
27 silly addNameRange versions [ 'grunt-contrib-imagemin',
27 silly addNameRange   [ '0.1.0',
27 silly addNameRange     '0.1.1',
27 silly addNameRange     '0.1.2',
27 silly addNameRange     '0.1.3',
27 silly addNameRange     '0.1.4',
27 silly addNameRange     '0.1.1-rc7',
27 silly addNameRange     '0.1.1-rc8',
27 silly addNameRange     '0.2.0',
27 silly addNameRange     '0.2.1',
27 silly addNameRange     '0.3.0',
27 silly addNameRange     '0.4.0',
27 silly addNameRange     '0.4.1',
27 silly addNameRange     '0.5.0',
27 silly addNameRange     '0.6.0',
27 silly addNameRange     '0.6.1',
27 silly addNameRange     '0.7.0',
27 silly addNameRange     '0.7.1',
27 silly addNameRange     '0.7.2',
27 silly addNameRange     '0.8.0' ] ]
28 verbose addNamed [ 'grunt-contrib-imagemin', '0.8.0' ]
29 verbose addNamed [ '0.8.0', '0.8.0' ]
30 silly lockFile fde2529c-grunt-contrib-imagemin-0-8-0 grunt-contrib-imagemin@0.8.0
31 verbose lock grunt-contrib-imagemin@0.8.0 /Users/testdev1/.npm/fde2529c-grunt-contrib-imagemin-0-8-0.lock
32 silly lockFile 476036d0-grunt-contrib-imagemin-0-8-0-tgz https://registry.npmjs.org/grunt-contrib-imagemin/-/grunt-contrib-imagemin-0.8.0.tgz
33 verbose lock https://registry.npmjs.org/grunt-contrib-imagemin/-/grunt-contrib-imagemin-0.8.0.tgz /Users/testdev1/.npm/476036d0-grunt-contrib-imagemin-0-8-0-tgz.lock
34 verbose addRemoteTarball [ 'https://registry.npmjs.org/grunt-contrib-imagemin/-/grunt-contrib-imagemin-0.8.0.tgz',
34 verbose addRemoteTarball   '622ad0d7834f360a5f8e94ca9963c3ae0fac4384' ]
35 info retry fetch attempt 1 at 11:49:33
36 verbose fetch to= /var/folders/y_/sgp_34lj21s90sx6y60dg0k40000gn/T/npm-30173-HBH2X98k/registry.npmjs.org/grunt-contrib-imagemin/-/grunt-contrib-imagemin-0.8.0.tgz
37 http GET https://registry.npmjs.org/grunt-contrib-imagemin/-/grunt-contrib-imagemin-0.8.0.tgz
38 http 200 https://registry.npmjs.org/grunt-contrib-imagemin/-/grunt-contrib-imagemin-0.8.0.tgz
39 silly lockFile 476036d0-grunt-contrib-imagemin-0-8-0-tgz https://registry.npmjs.org/grunt-contrib-imagemin/-/grunt-contrib-imagemin-0.8.0.tgz
40 silly lockFile 476036d0-grunt-contrib-imagemin-0-8-0-tgz https://registry.npmjs.org/grunt-contrib-imagemin/-/grunt-contrib-imagemin-0.8.0.tgz
41 silly lockFile fde2529c-grunt-contrib-imagemin-0-8-0 grunt-contrib-imagemin@0.8.0
42 silly lockFile fde2529c-grunt-contrib-imagemin-0-8-0 grunt-contrib-imagemin@0.8.0
43 silly lockFile 400cb004-grunt-contrib-imagemin grunt-contrib-imagemin@
44 silly lockFile 400cb004-grunt-contrib-imagemin grunt-contrib-imagemin@
45 silly resolved [ { name: 'grunt-contrib-imagemin',
45 silly resolved     description: 'Minify images',
45 silly resolved     version: '0.8.0',
45 silly resolved     author: { name: 'Grunt Team', url: 'http://gruntjs.com/' },
45 silly resolved     repository:
45 silly resolved      { type: 'git',
45 silly resolved        url: 'https://github.com/gruntjs/grunt-contrib-imagemin' },
45 silly resolved     licenses: [ [Object] ],
45 silly resolved     engines: { node: '>=0.10.0' },
45 silly resolved     scripts: { test: 'grunt test' },
45 silly resolved     dependencies:
45 silly resolved      { async: '^0.7.0',
45 silly resolved        chalk: '^0.5.0',
45 silly resolved        imagemin: '^0.4.7',
45 silly resolved        'pretty-bytes': '^0.1.0' },
45 silly resolved     devDependencies:
45 silly resolved      { grunt: '^0.4.0',
45 silly resolved        'grunt-contrib-clean': '^0.5.0',
45 silly resolved        'grunt-contrib-internal': '^0.4.6',
45 silly resolved        'grunt-contrib-jshint': '^0.10.0',
45 silly resolved        'grunt-contrib-nodeunit': '^0.3.3',
45 silly resolved        'time-grunt': '^0.3.1' },
45 silly resolved     peerDependencies: { grunt: '~0.4.0' },
45 silly resolved     keywords:
45 silly resolved      [ 'gruntplugin',
45 silly resolved        'compress',
45 silly resolved        'gif',
45 silly resolved        'image',
45 silly resolved        'img',
45 silly resolved        'jpeg',
45 silly resolved        'jpg',
45 silly resolved        'minify',
45 silly resolved        'png' ],
45 silly resolved     files: [ 'tasks', 'LICENSE-MIT' ],
45 silly resolved     contributors:
45 silly resolved      [ [Object],
45 silly resolved        [Object],
45 silly resolved        [Object],
45 silly resolved        [Object],
45 silly resolved        [Object],
45 silly resolved        [Object],
45 silly resolved        [Object],
45 silly resolved        [Object],
45 silly resolved        [Object],
45 silly resolved        [Object],
45 silly resolved        [Object],
45 silly resolved        [Object],
45 silly resolved        [Object],
45 silly resolved        [Object],
45 silly resolved        [Object],
45 silly resolved        [Object],
45 silly resolved        [Object],
45 silly resolved        [Object],
45 silly resolved        [Object],
45 silly resolved        [Object],
45 silly resolved        [Object],
45 silly resolved        [Object],
45 silly resolved        [Object],
45 silly resolved        [Object],
45 silly resolved        [Object],
45 silly resolved        [Object] ],
45 silly resolved     gitHead: '557107e6ca6574c1746d521f21bb476ca9caa2e2',
45 silly resolved     bugs: { url: 'https://github.com/gruntjs/grunt-contrib-imagemin/issues' },
45 silly resolved     homepage: 'https://github.com/gruntjs/grunt-contrib-imagemin',
45 silly resolved     _id: 'grunt-contrib-imagemin@0.8.0',
45 silly resolved     _shasum: '622ad0d7834f360a5f8e94ca9963c3ae0fac4384',
45 silly resolved     _from: 'grunt-contrib-imagemin@',
45 silly resolved     _npmVersion: '1.4.23',
45 silly resolved     _npmUser: { name: 'vladikoff', email: 'vlad@vladikoff.com' },
45 silly resolved     maintainers: [ [Object], [Object], [Object], [Object], [Object], [Object] ],
45 silly resolved     dist:
45 silly resolved      { shasum: '622ad0d7834f360a5f8e94ca9963c3ae0fac4384',
45 silly resolved        tarball: 'http://registry.npmjs.org/grunt-contrib-imagemin/-/grunt-contrib-imagemin-0.8.0.tgz' },
45 silly resolved     directories: {},
45 silly resolved     _resolved: 'https://registry.npmjs.org/grunt-contrib-imagemin/-/grunt-contrib-imagemin-0.8.0.tgz' } ]
46 info install grunt-contrib-imagemin@0.8.0 into /Users/testdev1/Desktop/PB/FE/pb-scaffold
47 info installOne grunt-contrib-imagemin@0.8.0
48 info /Users/testdev1/Desktop/PB/FE/pb-scaffold/node_modules/grunt-contrib-imagemin unbuild
49 info preuninstall grunt-contrib-imagemin@0.6.1
50 info uninstall grunt-contrib-imagemin@0.6.1
51 verbose true,/Users/testdev1/Desktop/PB/FE/pb-scaffold/node_modules,/Users/testdev1/Desktop/PB/FE/pb-scaffold/node_modules unbuild grunt-contrib-imagemin@0.6.1
52 info postuninstall grunt-contrib-imagemin@0.6.1
53 verbose tar unpack /Users/testdev1/.npm/grunt-contrib-imagemin/0.8.0/package.tgz
54 silly lockFile 5f6cd640-e-modules-grunt-contrib-imagemin tar:///Users/testdev1/Desktop/PB/FE/pb-scaffold/node_modules/grunt-contrib-imagemin
55 verbose lock tar:///Users/testdev1/Desktop/PB/FE/pb-scaffold/node_modules/grunt-contrib-imagemin /Users/testdev1/.npm/5f6cd640-e-modules-grunt-contrib-imagemin.lock
56 silly lockFile e01bfb6e-ntrib-imagemin-0-8-0-package-tgz tar:///Users/testdev1/.npm/grunt-contrib-imagemin/0.8.0/package.tgz
57 verbose lock tar:///Users/testdev1/.npm/grunt-contrib-imagemin/0.8.0/package.tgz /Users/testdev1/.npm/e01bfb6e-ntrib-imagemin-0-8-0-package-tgz.lock
58 silly gunzTarPerm modes [ '755', '644' ]
59 silly gunzTarPerm extractEntry package.json
60 silly gunzTarPerm extractEntry README.md
61 silly gunzTarPerm extractEntry LICENSE-MIT
62 silly gunzTarPerm extractEntry tasks/imagemin.js
63 silly lockFile 5f6cd640-e-modules-grunt-contrib-imagemin tar:///Users/testdev1/Desktop/PB/FE/pb-scaffold/node_modules/grunt-contrib-imagemin
64 silly lockFile 5f6cd640-e-modules-grunt-contrib-imagemin tar:///Users/testdev1/Desktop/PB/FE/pb-scaffold/node_modules/grunt-contrib-imagemin
65 silly lockFile e01bfb6e-ntrib-imagemin-0-8-0-package-tgz tar:///Users/testdev1/.npm/grunt-contrib-imagemin/0.8.0/package.tgz
66 silly lockFile e01bfb6e-ntrib-imagemin-0-8-0-package-tgz tar:///Users/testdev1/.npm/grunt-contrib-imagemin/0.8.0/package.tgz
67 info preinstall grunt-contrib-imagemin@0.8.0
68 verbose readDependencies using package.json deps
69 verbose readDependencies using package.json deps
70 verbose cache add [ 'async@^0.7.0', null ]
71 verbose cache add name=undefined spec="async@^0.7.0" args=["async@^0.7.0",null]
72 verbose parsed url { protocol: null,
72 verbose parsed url   slashes: null,
72 verbose parsed url   auth: null,
72 verbose parsed url   host: null,
72 verbose parsed url   port: null,
72 verbose parsed url   hostname: null,
72 verbose parsed url   hash: null,
72 verbose parsed url   search: null,
72 verbose parsed url   query: null,
72 verbose parsed url   pathname: 'async@^0.7.0',
72 verbose parsed url   path: 'async@^0.7.0',
72 verbose parsed url   href: 'async@^0.7.0' }
73 verbose cache add [ 'chalk@^0.5.0', null ]
74 verbose cache add name=undefined spec="chalk@^0.5.0" args=["chalk@^0.5.0",null]
75 verbose parsed url { protocol: null,
75 verbose parsed url   slashes: null,
75 verbose parsed url   auth: null,
75 verbose parsed url   host: null,
75 verbose parsed url   port: null,
75 verbose parsed url   hostname: null,
75 verbose parsed url   hash: null,
75 verbose parsed url   search: null,
75 verbose parsed url   query: null,
75 verbose parsed url   pathname: 'chalk@^0.5.0',
75 verbose parsed url   path: 'chalk@^0.5.0',
75 verbose parsed url   href: 'chalk@^0.5.0' }
76 verbose cache add name="async" spec="^0.7.0" args=["async","^0.7.0"]
77 verbose parsed url { protocol: null,
77 verbose parsed url   slashes: null,
77 verbose parsed url   auth: null,
77 verbose parsed url   host: null,
77 verbose parsed url   port: null,
77 verbose parsed url   hostname: null,
77 verbose parsed url   hash: null,
77 verbose parsed url   search: null,
77 verbose parsed url   query: null,
77 verbose parsed url   pathname: '^0.7.0',
77 verbose parsed url   path: '^0.7.0',
77 verbose parsed url   href: '^0.7.0' }
78 verbose addNamed [ 'async', '^0.7.0' ]
79 verbose addNamed [ null, '>=0.7.0-0 <0.8.0-0' ]
80 silly lockFile 7d27af2a-async-0-7-0 async@^0.7.0
81 verbose lock async@^0.7.0 /Users/testdev1/.npm/7d27af2a-async-0-7-0.lock
82 verbose cache add [ 'imagemin@^0.4.7', null ]
83 verbose cache add name=undefined spec="imagemin@^0.4.7" args=["imagemin@^0.4.7",null]
84 verbose parsed url { protocol: null,
84 verbose parsed url   slashes: null,
84 verbose parsed url   auth: null,
84 verbose parsed url   host: null,
84 verbose parsed url   port: null,
84 verbose parsed url   hostname: null,
84 verbose parsed url   hash: null,
84 verbose parsed url   search: null,
84 verbose parsed url   query: null,
84 verbose parsed url   pathname: 'imagemin@^0.4.7',
84 verbose parsed url   path: 'imagemin@^0.4.7',
84 verbose parsed url   href: 'imagemin@^0.4.7' }
85 verbose cache add name="chalk" spec="^0.5.0" args=["chalk","^0.5.0"]
86 verbose parsed url { protocol: null,
86 verbose parsed url   slashes: null,
86 verbose parsed url   auth: null,
86 verbose parsed url   host: null,
86 verbose parsed url   port: null,
86 verbose parsed url   hostname: null,
86 verbose parsed url   hash: null,
86 verbose parsed url   search: null,
86 verbose parsed url   query: null,
86 verbose parsed url   pathname: '^0.5.0',
86 verbose parsed url   path: '^0.5.0',
86 verbose parsed url   href: '^0.5.0' }
87 verbose addNamed [ 'chalk', '^0.5.0' ]
88 verbose addNamed [ null, '>=0.5.0-0 <0.6.0-0' ]
89 silly lockFile c513ee84-chalk-0-5-0 chalk@^0.5.0
90 verbose lock chalk@^0.5.0 /Users/testdev1/.npm/c513ee84-chalk-0-5-0.lock
91 verbose cache add name="imagemin" spec="^0.4.7" args=["imagemin","^0.4.7"]
92 verbose parsed url { protocol: null,
92 verbose parsed url   slashes: null,
92 verbose parsed url   auth: null,
92 verbose parsed url   host: null,
92 verbose parsed url   port: null,
92 verbose parsed url   hostname: null,
92 verbose parsed url   hash: null,
92 verbose parsed url   search: null,
92 verbose parsed url   query: null,
92 verbose parsed url   pathname: '^0.4.7',
92 verbose parsed url   path: '^0.4.7',
92 verbose parsed url   href: '^0.4.7' }
93 verbose addNamed [ 'imagemin', '^0.4.7' ]
94 verbose addNamed [ null, '>=0.4.7-0 <0.5.0-0' ]
95 silly lockFile 0f2da558-imagemin-0-4-7 imagemin@^0.4.7
96 verbose lock imagemin@^0.4.7 /Users/testdev1/.npm/0f2da558-imagemin-0-4-7.lock
97 silly addNameRange { name: 'async', range: '>=0.7.0-0 <0.8.0-0', hasData: false }
98 verbose cache add [ 'pretty-bytes@^0.1.0', null ]
99 verbose cache add name=undefined spec="pretty-bytes@^0.1.0" args=["pretty-bytes@^0.1.0",null]
100 verbose parsed url { protocol: null,
100 verbose parsed url   slashes: null,
100 verbose parsed url   auth: null,
100 verbose parsed url   host: null,
100 verbose parsed url   port: null,
100 verbose parsed url   hostname: null,
100 verbose parsed url   hash: null,
100 verbose parsed url   search: null,
100 verbose parsed url   query: null,
100 verbose parsed url   pathname: 'pretty-bytes@^0.1.0',
100 verbose parsed url   path: 'pretty-bytes@^0.1.0',
100 verbose parsed url   href: 'pretty-bytes@^0.1.0' }
101 verbose cache add name="pretty-bytes" spec="^0.1.0" args=["pretty-bytes","^0.1.0"]
102 verbose parsed url { protocol: null,
102 verbose parsed url   slashes: null,
102 verbose parsed url   auth: null,
102 verbose parsed url   host: null,
102 verbose parsed url   port: null,
102 verbose parsed url   hostname: null,
102 verbose parsed url   hash: null,
102 verbose parsed url   search: null,
102 verbose parsed url   query: null,
102 verbose parsed url   pathname: '^0.1.0',
102 verbose parsed url   path: '^0.1.0',
102 verbose parsed url   href: '^0.1.0' }
103 verbose addNamed [ 'pretty-bytes', '^0.1.0' ]
104 verbose addNamed [ null, '>=0.1.0-0 <0.2.0-0' ]
105 silly lockFile e9c8a3c5-pretty-bytes-0-1-0 pretty-bytes@^0.1.0
106 verbose lock pretty-bytes@^0.1.0 /Users/testdev1/.npm/e9c8a3c5-pretty-bytes-0-1-0.lock
107 silly addNameRange { name: 'chalk', range: '>=0.5.0-0 <0.6.0-0', hasData: false }
108 silly addNameRange { name: 'imagemin', range: '>=0.4.7-0 <0.5.0-0', hasData: false }
109 silly addNameRange { name: 'pretty-bytes',
109 silly addNameRange   range: '>=0.1.0-0 <0.2.0-0',
109 silly addNameRange   hasData: false }
110 verbose url raw imagemin
111 verbose url resolving [ 'https://registry.npmjs.org/', './imagemin' ]
112 verbose url resolved https://registry.npmjs.org/imagemin
113 info trying registry request attempt 1 at 11:49:37
114 http GET https://registry.npmjs.org/imagemin
115 verbose url raw chalk
116 verbose url resolving [ 'https://registry.npmjs.org/', './chalk' ]
117 verbose url resolved https://registry.npmjs.org/chalk
118 info trying registry request attempt 1 at 11:49:37
119 verbose etag "EJSLIW3HQ2ZP5VZZUWL75Y9QY"
120 http GET https://registry.npmjs.org/chalk
121 verbose url raw async
122 verbose url resolving [ 'https://registry.npmjs.org/', './async' ]
123 verbose url resolved https://registry.npmjs.org/async
124 info trying registry request attempt 1 at 11:49:37
125 verbose etag "25K8WJ0N2IY08BGL2ASGDWN52"
126 http GET https://registry.npmjs.org/async
127 verbose url raw pretty-bytes
128 verbose url resolving [ 'https://registry.npmjs.org/', './pretty-bytes' ]
129 verbose url resolved https://registry.npmjs.org/pretty-bytes
130 info trying registry request attempt 1 at 11:49:37
131 verbose etag "ED4TRC2NPYORVTT3COX19HCD9"
132 http GET https://registry.npmjs.org/pretty-bytes
133 http 200 https://registry.npmjs.org/pretty-bytes
134 silly registry.get cb [ 200,
134 silly registry.get   { date: 'Mon, 18 Aug 2014 15:49:07 GMT',
134 silly registry.get     server: 'CouchDB/1.5.0 (Erlang OTP/R16B03)',
134 silly registry.get     etag: '"15MTSNKCCOUT5M5R5PUU4MRWP"',
134 silly registry.get     'content-type': 'application/json',
134 silly registry.get     'cache-control': 'max-age=60',
134 silly registry.get     'content-length': '8241',
134 silly registry.get     'accept-ranges': 'bytes',
134 silly registry.get     via: '1.1 varnish',
134 silly registry.get     age: '1331',
134 silly registry.get     'x-served-by': 'cache-dfw1822-DFW',
134 silly registry.get     'x-cache': 'HIT',
134 silly registry.get     'x-cache-hits': '1',
134 silly registry.get     'x-timer': 'S1408376947.475275,VS0,VE0',
134 silly registry.get     vary: 'Accept',
134 silly registry.get     'keep-alive': 'timeout=10, max=50',
134 silly registry.get     connection: 'Keep-Alive' } ]
135 silly addNameRange number 2 { name: 'pretty-bytes',
135 silly addNameRange   range: '>=0.1.0-0 <0.2.0-0',
135 silly addNameRange   hasData: true }
136 silly addNameRange versions [ 'pretty-bytes',
136 silly addNameRange   [ '0.1.0', '0.1.1', '0.1.2', '1.0.0', '1.0.1' ] ]
137 verbose addNamed [ 'pretty-bytes', '0.1.2' ]
138 verbose addNamed [ '0.1.2', '0.1.2' ]
139 silly lockFile 22ca07fa-pretty-bytes-0-1-2 pretty-bytes@0.1.2
140 verbose lock pretty-bytes@0.1.2 /Users/testdev1/.npm/22ca07fa-pretty-bytes-0-1-2.lock
141 http 200 https://registry.npmjs.org/chalk
142 silly registry.get cb [ 200,
142 silly registry.get   { date: 'Mon, 18 Aug 2014 15:49:07 GMT',
142 silly registry.get     server: 'CouchDB/1.5.0 (Erlang OTP/R16B03)',
142 silly registry.get     etag: '"AYH9Z5HC7LUZSYM4UCBJJDII5"',
142 silly registry.get     'content-type': 'application/json',
142 silly registry.get     'cache-control': 'max-age=60',
142 silly registry.get     'content-length': '16502',
142 silly registry.get     'accept-ranges': 'bytes',
142 silly registry.get     via: '1.1 varnish',
142 silly registry.get     age: '159',
142 silly registry.get     'x-served-by': 'cache-dfw1825-DFW',
142 silly registry.get     'x-cache': 'HIT',
142 silly registry.get     'x-cache-hits': '2',
142 silly registry.get     'x-timer': 'S1408376947.290654,VS0,VE0',
142 silly registry.get     vary: 'Accept',
142 silly registry.get     'keep-alive': 'timeout=10, max=50',
142 silly registry.get     connection: 'Keep-Alive' } ]
143 silly addNameRange number 2 { name: 'chalk', range: '>=0.5.0-0 <0.6.0-0', hasData: true }
144 silly addNameRange versions [ 'chalk',
144 silly addNameRange   [ '0.1.0',
144 silly addNameRange     '0.1.1',
144 silly addNameRange     '0.2.0',
144 silly addNameRange     '0.2.1',
144 silly addNameRange     '0.3.0',
144 silly addNameRange     '0.4.0',
144 silly addNameRange     '0.5.0',
144 silly addNameRange     '0.5.1' ] ]
145 verbose addNamed [ 'chalk', '0.5.1' ]
146 verbose addNamed [ '0.5.1', '0.5.1' ]
147 silly lockFile c28973bb-chalk-0-5-1 chalk@0.5.1
148 verbose lock chalk@0.5.1 /Users/testdev1/.npm/c28973bb-chalk-0-5-1.lock
149 silly lockFile c28973bb-chalk-0-5-1 chalk@0.5.1
150 silly lockFile c28973bb-chalk-0-5-1 chalk@0.5.1
151 silly lockFile c513ee84-chalk-0-5-0 chalk@^0.5.0
152 silly lockFile c513ee84-chalk-0-5-0 chalk@^0.5.0
153 verbose about to build /Users/testdev1/Desktop/PB/FE/pb-scaffold/node_modules/grunt-contrib-imagemin
154 info /Users/testdev1/Desktop/PB/FE/pb-scaffold/node_modules/grunt-contrib-imagemin unbuild
155 info preuninstall grunt-contrib-imagemin@0.8.0
156 info uninstall grunt-contrib-imagemin@0.8.0
157 verbose true,/Users/testdev1/Desktop/PB/FE/pb-scaffold/node_modules,/Users/testdev1/Desktop/PB/FE/pb-scaffold/node_modules unbuild grunt-contrib-imagemin@0.8.0
158 info postuninstall grunt-contrib-imagemin@0.8.0
159 error Error: EACCES, open '/Users/testdev1/.npm/chalk/0.5.1/package/package.json'
159 error  { [Error: EACCES, open '/Users/testdev1/.npm/chalk/0.5.1/package/package.json']
159 error   errno: 3,
159 error   code: 'EACCES',
159 error   path: '/Users/testdev1/.npm/chalk/0.5.1/package/package.json',
159 error   parent: 'grunt-contrib-imagemin' }
160 error Please try running this command again as root/Administrator.
161 error System Darwin 13.1.0
162 error command "node" "/usr/local/bin/npm" "install" "grunt-contrib-imagemin" "--save-dev"
163 error cwd /Users/testdev1/Desktop/PB/FE/pb-scaffold
164 error node -v v0.10.29
165 error npm -v 1.4.14
166 error path /Users/testdev1/.npm/chalk/0.5.1/package/package.json
167 error code EACCES
168 error errno 3
169 error stack Error: EACCES, open '/Users/testdev1/.npm/chalk/0.5.1/package/package.json'
170 verbose exit [ 3, true ]
